Base path: '/Applications/Unity/Hub/Editor/2020.2.3f1/Unity.app/Contents', plugins path '/Applications/Unity/Hub/Editor/2020.2.3f1/PlaybackEngines'
Cmd: initializeCompiler
Cmd: compileComputeKernel
  api=9 insize=101750 outsize=16949 ok=1
Cmd: compileComputeKernel
  api=9 insize=2958 outsize=6865 ok=1
Cmd: compileComputeKernel
  api=14 insize=337734 outsize=131949 ok=1
Cmd: compileComputeKernel
  api=14 insize=338951 outsize=135439 ok=1
Cmd: compileComputeKernel
  api=14 insize=337475 outsize=50505 ok=1
Cmd: compileComputeKernel
  api=14 insize=337371 outsize=56704 ok=1
Cmd: compileComputeKernel
  api=14 insize=338965 outsize=136016 ok=1
Cmd: compileComputeKernel
  api=14 insize=75370 outsize=15310 ok=1
Cmd: compileComputeKernel
  api=14 insize=73032 outsize=16141 ok=1
Cmd: compileComputeKernel
  api=14 insize=98845 outsize=22677 ok=1
Cmd: compileComputeKernel
  api=14 insize=263467 outsize=5897 ok=1
Cmd: compileComputeKernel
  api=14 insize=263115 outsize=28175 ok=1
Cmd: compileComputeKernel
  api=14 insize=76567 outsize=21700 ok=1
Cmd: compileComputeKernel
  api=14 insize=4826 outsize=6578 ok=1
Cmd: compileComputeKernel
  api=9 insize=4781 outsize=8122 ok=1
Cmd: compileComputeKernel
  api=9 insize=4892 outsize=6224 ok=1
Cmd: compileComputeKernel
  api=14 insize=70559 outsize=1961 ok=1
Cmd: compileComputeKernel
  api=9 insize=39483 outsize=17233 ok=1
Cmd: compileComputeKernel
  api=14 insize=182637 outsize=6440 ok=1
Cmd: compileComputeKernel
  error: 1 plat 9 at (-1): HLSLcc: The resource '_OutputTexture' uses an unsupported type/format
  api=9 insize=122448 outsize=10540 ok=1
Cmd: compileComputeKernel
  error: 1 plat 9 at (-1): HLSLcc: The resource '_OutputTexture' uses an unsupported type/format
  api=9 insize=111453 outsize=9896 ok=1
Cmd: compileComputeKernel
  api=14 insize=71064 outsize=12211 ok=1
Cmd: compileComputeKernel
  api=14 insize=103123 outsize=16679 ok=1
Cmd: compileComputeKernel
  api=14 insize=75806 outsize=1752 ok=1
Cmd: compileComputeKernel
  api=14 insize=87371 outsize=2211 ok=1
Cmd: compileComputeKernel
  api=14 insize=55744 outsize=36177 ok=1
Cmd: compileComputeKernel
  api=14 insize=69979 outsize=852 ok=1
Cmd: compileComputeKernel
  api=14 insize=93890 outsize=26353 ok=1
Cmd: compileComputeKernel
  api=9 insize=94877 outsize=21558 ok=1
Cmd: compileComputeKernel
  api=14 insize=110614 outsize=18460 ok=1
Cmd: compileComputeKernel
  api=14 insize=112293 outsize=22671 ok=1
Cmd: compileComputeKernel
  api=14 insize=90478 outsize=15577 ok=1
Cmd: compileComputeKernel
  api=14 insize=70051 outsize=11846 ok=1
Cmd: compileComputeKernel
  api=14 insize=63121 outsize=44814 ok=1
Cmd: compileComputeKernel
  api=14 insize=71464 outsize=308 ok=1
Cmd: compileComputeKernel
  api=14 insize=71601 outsize=15156 ok=1
Cmd: compileComputeKernel
  api=14 insize=70915 outsize=1319 ok=1
Cmd: compileComputeKernel
  api=14 insize=71465 outsize=308 ok=1
Cmd: compileComputeKernel
  api=14 insize=70550 outsize=11830 ok=1
Cmd: compileComputeKernel
  api=14 insize=70982 outsize=12900 ok=1
Cmd: compileComputeKernel
  api=14 insize=194019 outsize=20122 ok=1
Cmd: compileComputeKernel
  api=14 insize=72129 outsize=2097 ok=1
Cmd: compileComputeKernel
  api=14 insize=70024 outsize=528 ok=1
Cmd: compileComputeKernel
  api=9 insize=100579 outsize=11656 ok=1
Cmd: compileComputeKernel
  api=14 insize=111097 outsize=15750 ok=1
Cmd: compileComputeKernel
  api=14 insize=71534 outsize=13173 ok=1
Cmd: compileComputeKernel
  api=9 insize=99994 outsize=6268 ok=1
Cmd: compileComputeKernel
  api=14 insize=420857 outsize=323500 ok=1
Cmd: compileComputeKernel
  api=14 insize=421336 outsize=217720 ok=1
Cmd: compileComputeKernel
  api=14 insize=419551 outsize=211325 ok=1
Cmd: compileComputeKernel
  api=14 insize=420186 outsize=148225 ok=1
Cmd: compileComputeKernel
  api=14 insize=420186 outsize=138538 ok=1
Cmd: compileComputeKernel
  api=14 insize=421971 outsize=100926 ok=1
Cmd: compileComputeKernel
  api=14 insize=419551 outsize=95091 ok=1
Cmd: compileComputeKernel
  api=14 insize=421336 outsize=146457 ok=1
Cmd: compileComputeKernel
  api=14 insize=421336 outsize=127234 ok=1
Cmd: compileComputeKernel
  api=14 insize=421971 outsize=130508 ok=1
Cmd: compileComputeKernel
  api=14 insize=421336 outsize=234619 ok=1
Cmd: compileComputeKernel
  api=14 insize=423277 outsize=254446 ok=1
Cmd: compileComputeKernel
  api=14 insize=421492 outsize=159870 ok=1
Cmd: compileComputeKernel
  api=14 insize=422642 outsize=113170 ok=1
Cmd: compileComputeKernel
  api=14 insize=421971 outsize=109117 ok=1
Cmd: compileComputeKernel
  api=14 insize=421336 outsize=165706 ok=1
Cmd: compileComputeKernel
  api=14 insize=422642 outsize=133225 ok=1
Cmd: compileComputeKernel
  api=14 insize=420186 outsize=116458 ok=1
Cmd: compileComputeKernel
  api=14 insize=421971 outsize=213361 ok=1
Cmd: compileComputeKernel
  api=14 insize=419551 outsize=202167 ok=1
Cmd: compileComputeKernel
  api=14 insize=420857 outsize=150119 ok=1
Cmd: compileComputeKernel
  api=14 insize=423277 outsize=159278 ok=1
Cmd: compileComputeKernel
  api=14 insize=420186 outsize=96041 ok=1
Cmd: compileComputeKernel
  api=14 insize=421971 outsize=148450 ok=1
Cmd: compileComputeKernel
  api=14 insize=419551 outsize=139023 ok=1
Cmd: compileComputeKernel
  api=14 insize=421971 outsize=121721 ok=1
Cmd: compileComputeKernel
  api=14 insize=419551 outsize=113312 ok=1
Cmd: compileComputeKernel
  api=14 insize=420857 outsize=254565 ok=1
Cmd: compileComputeKernel
  api=14 insize=421336 outsize=169368 ok=1
Cmd: compileComputeKernel
  api=14 insize=419551 outsize=163535 ok=1
Cmd: compileComputeKernel
  api=14 insize=420186 outsize=101359 ok=1
Cmd: compileComputeKernel
  api=14 insize=419551 outsize=99696 ok=1
Cmd: compileComputeKernel
  api=14 insize=420184 outsize=165948 ok=1
Cmd: compileComputeKernel
  api=14 insize=419549 outsize=162501 ok=1
Cmd: compileComputeKernel
  api=14 insize=420184 outsize=145021 ok=1
Cmd: compileComputeKernel
  api=14 insize=421969 outsize=150502 ok=1
Cmd: compileComputeKernel
  api=14 insize=420855 outsize=211668 ok=1
Cmd: compileComputeKernel
  api=14 insize=421334 outsize=144107 ok=1
Cmd: compileComputeKernel
  api=14 insize=419549 outsize=139346 ok=1
Cmd: compileComputeKernel
  api=14 insize=420184 outsize=95013 ok=1
Cmd: compileComputeKernel
  api=14 insize=419549 outsize=93412 ok=1
Cmd: compileComputeKernel
  api=14 insize=423275 outsize=105153 ok=1
Cmd: compileComputeKernel
  api=14 insize=421490 outsize=146858 ok=1
Cmd: compileComputeKernel
  api=14 insize=421334 outsize=122148 ok=1
Cmd: compileComputeKernel
  api=14 insize=420184 outsize=111346 ok=1
Cmd: compileComputeKernel
  api=14 insize=420855 outsize=71233 ok=1
Cmd: compileComputeKernel
  api=14 insize=422640 outsize=52556 ok=1
Cmd: compileComputeKernel
  api=14 insize=419549 outsize=52556 ok=1
Cmd: compileComputeKernel
  api=14 insize=423275 outsize=52556 ok=1
Cmd: compileComputeKernel
  api=14 insize=421334 outsize=49453 ok=1
Cmd: compileComputeKernel
  api=14 insize=438018 outsize=360160 ok=1
Cmd: compileComputeKernel
  api=14 insize=440094 outsize=368817 ok=1
Cmd: compileComputeKernel
  api=14 insize=420123 outsize=303468 ok=1
Cmd: compileComputeKernel
  api=14 insize=71621 outsize=12545 ok=1
